   1              		.cpu cortex-m3
   2              		.eabi_attribute 20, 1
   3              		.eabi_attribute 21, 1
   4              		.eabi_attribute 23, 3
   5              		.eabi_attribute 24, 1
   6              		.eabi_attribute 25, 1
   7              		.eabi_attribute 26, 1
   8              		.eabi_attribute 30, 4
   9              		.eabi_attribute 34, 1
  10              		.eabi_attribute 18, 4
  11              		.file	"ccsbcs.c"
  12              		.text
  13              	.Ltext0:
  14              		.cfi_sections	.debug_frame
  15              	.Letext0:
  16              		.file 1 "c:\\project\\stm32fx_lib\\stm32f1x_iolib\\include\\core.h"
  17              		.file 2 "/project/stm32fx_lib/stm32f1x_iolib/include/cmsis/stm32f1xx.h"
DEFINED SYMBOLS
                            *ABS*:00000000 ccsbcs.c

NO UNDEFINED SYMBOLS
